C:\USERS\PEANUTTRX\DOCUMENTS\VISUAL STUDIO 2010\PROJECTS\ASSIGNMENT2_1_6106021610081\ASSIGNMENT2_1_6106021610081\DEBUG\ASSIGNMENT2_1_6106021610081.EXE.EMBED.MANIFEST
C:\USERS\PEANUTTRX\DOCUMENTS\VISUAL STUDIO 2010\PROJECTS\ASSIGNMENT2_1_6106021610081\ASSIGNMENT2_1_6106021610081\DEBUG\ASSIGNMENT2_1_6106021610081.EXE.EMBED.MANIFEST.RES
C:\USERS\PEANUTTRX\DOCUMENTS\VISUAL STUDIO 2010\PROJECTS\ASSIGNMENT2_1_6106021610081\ASSIGNMENT2_1_6106021610081\DEBUG\ASSIGNMENT2_1_6106021610081.EXE.INTERMEDIATE.MANIFEST
C:\Users\PEANUTTRX\Documents\Visual Studio 2010\Projects\Assignment2_1_6106021610081\Assignment2_1_6106021610081\Debug\Assignment2_1_6106021610081.vcxprojResolveAssemblyReference.cache
C:\Users\PEANUTTRX\Documents\Visual Studio 2010\Projects\Assignment2_1_6106021610081\Assignment2_1_6106021610081\Debug\Assignment2_1_6106021610081.write.1.tlog
C:\Users\PEANUTTRX\Documents\Visual Studio 2010\Projects\Assignment2_1_6106021610081\Assignment2_1_6106021610081\Debug\Assignment2_1_6106021610081_manifest.rc
C:\Users\PEANUTTRX\Documents\Visual Studio 2010\Projects\Assignment2_1_6106021610081\Assignment2_1_6106021610081\Debug\cl.command.1.tlog
C:\Users\PEANUTTRX\Documents\Visual Studio 2010\Projects\Assignment2_1_6106021610081\Assignment2_1_6106021610081\Debug\CL.read.1.tlog
C:\Users\PEANUTTRX\Documents\Visual Studio 2010\Projects\Assignment2_1_6106021610081\Assignment2_1_6106021610081\Debug\CL.write.1.tlog
C:\Users\PEANUTTRX\Documents\Visual Studio 2010\Projects\Assignment2_1_6106021610081\Assignment2_1_6106021610081\Debug\link.1072.read.1.tlog
C:\Users\PEANUTTRX\Documents\Visual Studio 2010\Projects\Assignment2_1_6106021610081\Assignment2_1_6106021610081\Debug\link.1072.write.1.tlog
C:\Users\PEANUTTRX\Documents\Visual Studio 2010\Projects\Assignment2_1_6106021610081\Assignment2_1_6106021610081\Debug\link.1072-cvtres.read.1.tlog
C:\Users\PEANUTTRX\Documents\Visual Studio 2010\Projects\Assignment2_1_6106021610081\Assignment2_1_6106021610081\Debug\link.1072-cvtres.write.1.tlog
C:\Users\PEANUTTRX\Documents\Visual Studio 2010\Projects\Assignment2_1_6106021610081\Assignment2_1_6106021610081\Debug\link.command.1.tlog
C:\Users\PEANUTTRX\Documents\Visual Studio 2010\Projects\Assignment2_1_6106021610081\Assignment2_1_6106021610081\Debug\link.read.1.tlog
C:\Users\PEANUTTRX\Documents\Visual Studio 2010\Projects\Assignment2_1_6106021610081\Assignment2_1_6106021610081\Debug\link.write.1.tlog
C:\Users\PEANUTTRX\Documents\Visual Studio 2010\Projects\Assignment2_1_6106021610081\Assignment2_1_6106021610081\Debug\link-cvtres.read.1.tlog
C:\Users\PEANUTTRX\Documents\Visual Studio 2010\Projects\Assignment2_1_6106021610081\Assignment2_1_6106021610081\Debug\link-cvtres.write.1.tlog
C:\USERS\PEANUTTRX\DOCUMENTS\VISUAL STUDIO 2010\PROJECTS\ASSIGNMENT2_1_6106021610081\ASSIGNMENT2_1_6106021610081\DEBUG\MAIN.OBJ
C:\Users\PEANUTTRX\Documents\Visual Studio 2010\Projects\Assignment2_1_6106021610081\Assignment2_1_6106021610081\Debug\mt.command.1.tlog
C:\Users\PEANUTTRX\Documents\Visual Studio 2010\Projects\Assignment2_1_6106021610081\Assignment2_1_6106021610081\Debug\mt.read.1.tlog
C:\Users\PEANUTTRX\Documents\Visual Studio 2010\Projects\Assignment2_1_6106021610081\Assignment2_1_6106021610081\Debug\mt.write.1.tlog
C:\Users\PEANUTTRX\Documents\Visual Studio 2010\Projects\Assignment2_1_6106021610081\Assignment2_1_6106021610081\Debug\rc.command.1.tlog
C:\Users\PEANUTTRX\Documents\Visual Studio 2010\Projects\Assignment2_1_6106021610081\Assignment2_1_6106021610081\Debug\rc.read.1.tlog
C:\Users\PEANUTTRX\Documents\Visual Studio 2010\Projects\Assignment2_1_6106021610081\Assignment2_1_6106021610081\Debug\rc.write.1.tlog
C:\Users\PEANUTTRX\Documents\Visual Studio 2010\Projects\Assignment2_1_6106021610081\Assignment2_1_6106021610081\Debug\vc100.idb
C:\USERS\PEANUTTRX\DOCUMENTS\VISUAL STUDIO 2010\PROJECTS\ASSIGNMENT2_1_6106021610081\ASSIGNMENT2_1_6106021610081\DEBUG\VC100.PDB
C:\USERS\PEANUTTRX\DOCUMENTS\VISUAL STUDIO 2010\PROJECTS\ASSIGNMENT2_1_6106021610081\DEBUG\ASSIGNMENT2_1_6106021610081.EXE
C:\USERS\PEANUTTRX\DOCUMENTS\VISUAL STUDIO 2010\PROJECTS\ASSIGNMENT2_1_6106021610081\DEBUG\ASSIGNMENT2_1_6106021610081.ILK
C:\USERS\PEANUTTRX\DOCUMENTS\VISUAL STUDIO 2010\PROJECTS\ASSIGNMENT2_1_6106021610081\DEBUG\ASSIGNMENT2_1_6106021610081.PDB
