C:\USERS\PEANUTTRX\DOCUMENTS\VISUAL STUDIO 2010\PROJECTS\LINE6106021610081\DEBUG\LINE6106021610081.EXE
C:\USERS\PEANUTTRX\DOCUMENTS\VISUAL STUDIO 2010\PROJECTS\LINE6106021610081\DEBUG\LINE6106021610081.ILK
C:\USERS\PEANUTTRX\DOCUMENTS\VISUAL STUDIO 2010\PROJECTS\LINE6106021610081\DEBUG\LINE6106021610081.PDB
C:\Users\PEANUTTRX\Documents\Visual Studio 2010\Projects\Line6106021610081\Line6106021610081\Debug\cl.command.1.tlog
C:\Users\PEANUTTRX\Documents\Visual Studio 2010\Projects\Line6106021610081\Line6106021610081\Debug\CL.read.1.tlog
C:\Users\PEANUTTRX\Documents\Visual Studio 2010\Projects\Line6106021610081\Line6106021610081\Debug\CL.write.1.tlog
C:\USERS\PEANUTTRX\DOCUMENTS\VISUAL STUDIO 2010\PROJECTS\LINE6106021610081\LINE6106021610081\DEBUG\LINE6106021610081.EXE.EMBED.MANIFEST
C:\USERS\PEANUTTRX\DOCUMENTS\VISUAL STUDIO 2010\PROJECTS\LINE6106021610081\LINE6106021610081\DEBUG\LINE6106021610081.EXE.EMBED.MANIFEST.RES
C:\USERS\PEANUTTRX\DOCUMENTS\VISUAL STUDIO 2010\PROJECTS\LINE6106021610081\LINE6106021610081\DEBUG\LINE6106021610081.EXE.INTERMEDIATE.MANIFEST
C:\USERS\PEANUTTRX\DOCUMENTS\VISUAL STUDIO 2010\PROJECTS\LINE6106021610081\LINE6106021610081\DEBUG\LINE6106021610081.OBJ
C:\Users\PEANUTTRX\Documents\Visual Studio 2010\Projects\Line6106021610081\Line6106021610081\Debug\Line6106021610081.write.1.tlog
C:\Users\PEANUTTRX\Documents\Visual Studio 2010\Projects\Line6106021610081\Line6106021610081\Debug\Line6106021610081_manifest.rc
C:\Users\PEANUTTRX\Documents\Visual Studio 2010\Projects\Line6106021610081\Line6106021610081\Debug\link.7476.read.1.tlog
C:\Users\PEANUTTRX\Documents\Visual Studio 2010\Projects\Line6106021610081\Line6106021610081\Debug\link.7476.write.1.tlog
C:\Users\PEANUTTRX\Documents\Visual Studio 2010\Projects\Line6106021610081\Line6106021610081\Debug\link.7476-cvtres.read.1.tlog
C:\Users\PEANUTTRX\Documents\Visual Studio 2010\Projects\Line6106021610081\Line6106021610081\Debug\link.7476-cvtres.write.1.tlog
C:\Users\PEANUTTRX\Documents\Visual Studio 2010\Projects\Line6106021610081\Line6106021610081\Debug\link.command.1.tlog
C:\Users\PEANUTTRX\Documents\Visual Studio 2010\Projects\Line6106021610081\Line6106021610081\Debug\link.read.1.tlog
C:\Users\PEANUTTRX\Documents\Visual Studio 2010\Projects\Line6106021610081\Line6106021610081\Debug\link.write.1.tlog
C:\Users\PEANUTTRX\Documents\Visual Studio 2010\Projects\Line6106021610081\Line6106021610081\Debug\link-cvtres.read.1.tlog
C:\Users\PEANUTTRX\Documents\Visual Studio 2010\Projects\Line6106021610081\Line6106021610081\Debug\link-cvtres.write.1.tlog
C:\USERS\PEANUTTRX\DOCUMENTS\VISUAL STUDIO 2010\PROJECTS\LINE6106021610081\LINE6106021610081\DEBUG\MAIN.OBJ
C:\Users\PEANUTTRX\Documents\Visual Studio 2010\Projects\Line6106021610081\Line6106021610081\Debug\mt.command.1.tlog
C:\Users\PEANUTTRX\Documents\Visual Studio 2010\Projects\Line6106021610081\Line6106021610081\Debug\mt.read.1.tlog
C:\Users\PEANUTTRX\Documents\Visual Studio 2010\Projects\Line6106021610081\Line6106021610081\Debug\mt.write.1.tlog
C:\Users\PEANUTTRX\Documents\Visual Studio 2010\Projects\Line6106021610081\Line6106021610081\Debug\rc.command.1.tlog
C:\Users\PEANUTTRX\Documents\Visual Studio 2010\Projects\Line6106021610081\Line6106021610081\Debug\rc.read.1.tlog
C:\Users\PEANUTTRX\Documents\Visual Studio 2010\Projects\Line6106021610081\Line6106021610081\Debug\rc.write.1.tlog
C:\Users\PEANUTTRX\Documents\Visual Studio 2010\Projects\Line6106021610081\Line6106021610081\Debug\vc100.idb
C:\USERS\PEANUTTRX\DOCUMENTS\VISUAL STUDIO 2010\PROJECTS\LINE6106021610081\LINE6106021610081\DEBUG\VC100.PDB
