C:\USERS\PEANUTTRX\DOCUMENTS\VISUAL STUDIO 2010\PROJECTS\ASSIGMENT5_1_6106021610081_6106021610111\ASSIGMENT5_1_6106021610081\DEBUG\ASSIGMENT5_1_6106021610081_6106021610111.EXE.EMBED.MANIFEST
C:\USERS\PEANUTTRX\DOCUMENTS\VISUAL STUDIO 2010\PROJECTS\ASSIGMENT5_1_6106021610081_6106021610111\ASSIGMENT5_1_6106021610081\DEBUG\ASSIGMENT5_1_6106021610081_6106021610111.EXE.EMBED.MANIFEST.RES
C:\USERS\PEANUTTRX\DOCUMENTS\VISUAL STUDIO 2010\PROJECTS\ASSIGMENT5_1_6106021610081_6106021610111\ASSIGMENT5_1_6106021610081\DEBUG\ASSIGMENT5_1_6106021610081_6106021610111.EXE.INTERMEDIATE.MANIFEST
C:\Users\PEANUTTRX\Documents\Visual Studio 2010\Projects\Assigment5_1_6106021610081_6106021610111\Assigment5_1_6106021610081\Debug\Assigment5_1_6106021610081_6106021610111.write.1.tlog
C:\Users\PEANUTTRX\Documents\Visual Studio 2010\Projects\Assigment5_1_6106021610081_6106021610111\Assigment5_1_6106021610081\Debug\Assigment5_1_6106021610081_6106021610111_manifest.rc
C:\Users\PEANUTTRX\Documents\Visual Studio 2010\Projects\Assigment5_1_6106021610081_6106021610111\Assigment5_1_6106021610081\Debug\cl.command.1.tlog
C:\Users\PEANUTTRX\Documents\Visual Studio 2010\Projects\Assigment5_1_6106021610081_6106021610111\Assigment5_1_6106021610081\Debug\CL.read.1.tlog
C:\Users\PEANUTTRX\Documents\Visual Studio 2010\Projects\Assigment5_1_6106021610081_6106021610111\Assigment5_1_6106021610081\Debug\CL.write.1.tlog
C:\Users\PEANUTTRX\Documents\Visual Studio 2010\Projects\Assigment5_1_6106021610081_6106021610111\Assigment5_1_6106021610081\Debug\link.2788.read.1.tlog
C:\Users\PEANUTTRX\Documents\Visual Studio 2010\Projects\Assigment5_1_6106021610081_6106021610111\Assigment5_1_6106021610081\Debug\link.2788.write.1.tlog
C:\Users\PEANUTTRX\Documents\Visual Studio 2010\Projects\Assigment5_1_6106021610081_6106021610111\Assigment5_1_6106021610081\Debug\link.2788-cvtres.read.1.tlog
C:\Users\PEANUTTRX\Documents\Visual Studio 2010\Projects\Assigment5_1_6106021610081_6106021610111\Assigment5_1_6106021610081\Debug\link.2788-cvtres.write.1.tlog
C:\Users\PEANUTTRX\Documents\Visual Studio 2010\Projects\Assigment5_1_6106021610081_6106021610111\Assigment5_1_6106021610081\Debug\link.command.1.tlog
C:\Users\PEANUTTRX\Documents\Visual Studio 2010\Projects\Assigment5_1_6106021610081_6106021610111\Assigment5_1_6106021610081\Debug\link.read.1.tlog
C:\Users\PEANUTTRX\Documents\Visual Studio 2010\Projects\Assigment5_1_6106021610081_6106021610111\Assigment5_1_6106021610081\Debug\link.write.1.tlog
C:\Users\PEANUTTRX\Documents\Visual Studio 2010\Projects\Assigment5_1_6106021610081_6106021610111\Assigment5_1_6106021610081\Debug\link-cvtres.read.1.tlog
C:\Users\PEANUTTRX\Documents\Visual Studio 2010\Projects\Assigment5_1_6106021610081_6106021610111\Assigment5_1_6106021610081\Debug\link-cvtres.write.1.tlog
C:\USERS\PEANUTTRX\DOCUMENTS\VISUAL STUDIO 2010\PROJECTS\ASSIGMENT5_1_6106021610081_6106021610111\ASSIGMENT5_1_6106021610081\DEBUG\MAIN.OBJ
C:\Users\PEANUTTRX\Documents\Visual Studio 2010\Projects\Assigment5_1_6106021610081_6106021610111\Assigment5_1_6106021610081\Debug\mt.command.1.tlog
C:\Users\PEANUTTRX\Documents\Visual Studio 2010\Projects\Assigment5_1_6106021610081_6106021610111\Assigment5_1_6106021610081\Debug\mt.read.1.tlog
C:\Users\PEANUTTRX\Documents\Visual Studio 2010\Projects\Assigment5_1_6106021610081_6106021610111\Assigment5_1_6106021610081\Debug\mt.write.1.tlog
C:\Users\PEANUTTRX\Documents\Visual Studio 2010\Projects\Assigment5_1_6106021610081_6106021610111\Assigment5_1_6106021610081\Debug\rc.command.1.tlog
C:\Users\PEANUTTRX\Documents\Visual Studio 2010\Projects\Assigment5_1_6106021610081_6106021610111\Assigment5_1_6106021610081\Debug\rc.read.1.tlog
C:\Users\PEANUTTRX\Documents\Visual Studio 2010\Projects\Assigment5_1_6106021610081_6106021610111\Assigment5_1_6106021610081\Debug\rc.write.1.tlog
C:\Users\PEANUTTRX\Documents\Visual Studio 2010\Projects\Assigment5_1_6106021610081_6106021610111\Assigment5_1_6106021610081\Debug\vc100.idb
C:\USERS\PEANUTTRX\DOCUMENTS\VISUAL STUDIO 2010\PROJECTS\ASSIGMENT5_1_6106021610081_6106021610111\ASSIGMENT5_1_6106021610081\DEBUG\VC100.PDB
C:\USERS\PEANUTTRX\DOCUMENTS\VISUAL STUDIO 2010\PROJECTS\ASSIGMENT5_1_6106021610081_6106021610111\DEBUG\ASSIGMENT5_1_6106021610081_6106021610111.EXE
C:\USERS\PEANUTTRX\DOCUMENTS\VISUAL STUDIO 2010\PROJECTS\ASSIGMENT5_1_6106021610081_6106021610111\DEBUG\ASSIGMENT5_1_6106021610081_6106021610111.ILK
C:\USERS\PEANUTTRX\DOCUMENTS\VISUAL STUDIO 2010\PROJECTS\ASSIGMENT5_1_6106021610081_6106021610111\DEBUG\ASSIGMENT5_1_6106021610081_6106021610111.PDB
